This file contains any messages produced by compilers while
running configure, to aid debugging if configure makes a mistake.

It was created by configure, which was
generated by GNU Autoconf 2.61.  Invocation command line was

  $ ./configure 

## --------- ##
## Platform. ##
## --------- ##

hostname = dev2.white.corp.qihoo.net
uname -m = x86_64
uname -r = 2.6.18-164.el5xen
uname -s = Linux
uname -v = #1 SMP Thu Sep 3 04:03:03 EDT 2009

/usr/bin/uname -p = unknown
/bin/uname -X     = unknown

/bin/arch              = x86_64
/usr/bin/arch -k       = unknown
/usr/convex/getsysinfo = unknown
/usr/bin/hostinfo      = unknown
/bin/machine           = unknown
/usr/bin/oslevel       = unknown
/bin/universe          = unknown

PATH: /sbin
PATH: /usr/sbin
PATH: /usr/local/sbin
PATH: /usr/kerberos/bin
PATH: /usr/local/bin
PATH: /bin
PATH: /usr/bin
PATH: /usr/local/bin
PATH: /home/yinchunxiang/bin


## ----------- ##
## Core tests. ##
## ----------- ##

configure:1965: checking for a BSD-compatible install
configure:2021: result: /usr/bin/install -c
configure:2032: checking whether build environment is sane
configure:2075: result: yes
configure:2140: checking for gawk
configure:2156: found /bin/gawk
configure:2167: result: gawk
configure:2178: checking whether make sets $(MAKE)
configure:2199: result: yes
configure:2443: checking for g++
configure:2459: found /usr/bin/g++
configure:2470: result: g++
configure:2501: checking for C++ compiler version
configure:2508: g++ --version >&5
g++ (GCC) 4.1.2 20080704 (Red Hat 4.1.2-46)
Copyright (C) 2006 Free Software Foundation, Inc.
This is free software; see the source for copying conditions.  There is NO
warranty; not even for MERCHANTABILITY or FITNESS FOR A PARTICULAR PURPOSE.

configure:2511: $? = 0
configure:2518: g++ -v >&5
Using built-in specs.
Target: x86_64-redhat-linux
Configured with: ../configure --prefix=/usr --mandir=/usr/share/man --infodir=/usr/share/info --enable-shared --enable-threads=posix --enable-checking=release --with-system-zlib --enable-__cxa_atexit --disable-libunwind-exceptions --enable-libgcj-multifile --enable-languages=c,c++,objc,obj-c++,java,fortran,ada --enable-java-awt=gtk --disable-dssi --enable-plugin --with-java-home=/usr/lib/jvm/java-1.4.2-gcj-1.4.2.0/jre --with-cpu=generic --host=x86_64-redhat-linux
Thread model: posix
gcc version 4.1.2 20080704 (Red Hat 4.1.2-46)
configure:2521: $? = 0
configure:2528: g++ -V >&5
g++: '-V' option must have argument
configure:2531: $? = 1
configure:2554: checking for C++ compiler default output file name
configure:2581: g++    conftest.cpp  >&5
configure:2584: $? = 0
configure:2622: result: a.out
configure:2639: checking whether the C++ compiler works
configure:2649: ./a.out
configure:2652: $? = 0
configure:2669: result: yes
configure:2676: checking whether we are cross compiling
configure:2678: result: no
configure:2681: checking for suffix of executables
configure:2688: g++ -o conftest    conftest.cpp  >&5
configure:2691: $? = 0
configure:2715: result: 
configure:2721: checking for suffix of object files
configure:2747: g++ -c   conftest.cpp >&5
configure:2750: $? = 0
configure:2773: result: o
configure:2777: checking whether we are using the GNU C++ compiler
configure:2806: g++ -c   conftest.cpp >&5
configure:2812: $? = 0
configure:2829: result: yes
configure:2834: checking whether g++ accepts -g
configure:2864: g++ -c -g  conftest.cpp >&5
configure:2870: $? = 0
configure:2969: result: yes
configure:3003: checking for style of include used by make
configure:3031: result: GNU
configure:3059: checking dependency style of g++
configure:3149: result: gcc3
configure:3214: checking for gcc
configure:3230: found /usr/bin/gcc
configure:3241: result: gcc
configure:3479: checking for C compiler version
configure:3486: gcc --version >&5
gcc (GCC) 4.1.2 20080704 (Red Hat 4.1.2-46)
Copyright (C) 2006 Free Software Foundation, Inc.
This is free software; see the source for copying conditions.  There is NO
warranty; not even for MERCHANTABILITY or FITNESS FOR A PARTICULAR PURPOSE.

configure:3489: $? = 0
configure:3496: gcc -v >&5
Using built-in specs.
Target: x86_64-redhat-linux
Configured with: ../configure --prefix=/usr --mandir=/usr/share/man --infodir=/usr/share/info --enable-shared --enable-threads=posix --enable-checking=release --with-system-zlib --enable-__cxa_atexit --disable-libunwind-exceptions --enable-libgcj-multifile --enable-languages=c,c++,objc,obj-c++,java,fortran,ada --enable-java-awt=gtk --disable-dssi --enable-plugin --with-java-home=/usr/lib/jvm/java-1.4.2-gcj-1.4.2.0/jre --with-cpu=generic --host=x86_64-redhat-linux
Thread model: posix
gcc version 4.1.2 20080704 (Red Hat 4.1.2-46)
configure:3499: $? = 0
configure:3506: gcc -V >&5
gcc: '-V' option must have argument
configure:3509: $? = 1
configure:3512: checking whether we are using the GNU C compiler
configure:3541: gcc -c   conftest.c >&5
configure:3547: $? = 0
configure:3564: result: yes
configure:3569: checking whether gcc accepts -g
configure:3599: gcc -c -g  conftest.c >&5
configure:3605: $? = 0
configure:3704: result: yes
configure:3721: checking for gcc option to accept ISO C89
configure:3795: gcc  -c -g -O2  conftest.c >&5
configure:3801: $? = 0
configure:3824: result: none needed
configure:3844: checking dependency style of gcc
configure:3934: result: gcc3
configure:3956: checking how to run the C preprocessor
configure:3996: gcc -E  conftest.c
configure:4002: $? = 0
configure:4033: gcc -E  conftest.c
conftest.c:10:28: error: ac_nonexistent.h: No such file or directory
configure:4039: $? = 1
configure: failed program was:
| /* confdefs.h.  */
| #define PACKAGE_NAME ""
| #define PACKAGE_TARNAME ""
| #define PACKAGE_VERSION ""
| #define PACKAGE_STRING ""
| #define PACKAGE_BUGREPORT ""
| #define PACKAGE "tbnet"
| #define VERSION "0.1"
| /* end confdefs.h.  */
| #include <ac_nonexistent.h>
configure:4072: result: gcc -E
configure:4101: gcc -E  conftest.c
configure:4107: $? = 0
configure:4138: gcc -E  conftest.c
conftest.c:10:28: error: ac_nonexistent.h: No such file or directory
configure:4144: $? = 1
configure: failed program was:
| /* confdefs.h.  */
| #define PACKAGE_NAME ""
| #define PACKAGE_TARNAME ""
| #define PACKAGE_VERSION ""
| #define PACKAGE_STRING ""
| #define PACKAGE_BUGREPORT ""
| #define PACKAGE "tbnet"
| #define VERSION "0.1"
| /* end confdefs.h.  */
| #include <ac_nonexistent.h>
configure:4194: checking for a BSD-compatible install
configure:4250: result: /usr/bin/install -c
configure:4261: checking whether ln -s works
configure:4265: result: yes
configure:4272: checking whether make sets $(MAKE)
configure:4293: result: yes
configure:4380: checking build system type
configure:4398: result: x86_64-unknown-linux-gnu
configure:4420: checking host system type
configure:4435: result: x86_64-unknown-linux-gnu
configure:4457: checking for a sed that does not truncate output
configure:4513: result: /bin/sed
configure:4516: checking for grep that handles long lines and -e
configure:4590: result: /bin/grep
configure:4595: checking for egrep
configure:4673: result: /bin/grep -E
configure:4689: checking for ld used by gcc
configure:4756: result: /usr/bin/ld
configure:4765: checking if the linker (/usr/bin/ld) is GNU ld
configure:4780: result: yes
configure:4785: checking for /usr/bin/ld option to reload object files
configure:4792: result: -r
configure:4810: checking for BSD-compatible nm
configure:4859: result: /usr/bin/nm -B
configure:4863: checking how to recognise dependent libraries
configure:5039: result: pass_all
configure:5127: gcc -c -g -O2  conftest.c >&5
configure:5130: $? = 0
configure:5269: checking for ANSI C header files
configure:5299: gcc -c -g -O2  conftest.c >&5
configure:5305: $? = 0
configure:5404: gcc -o conftest -g -O2   conftest.c  >&5
configure:5407: $? = 0
configure:5413: ./conftest
configure:5416: $? = 0
configure:5433: result: yes
configure:5457: checking for sys/types.h
configure:5478: gcc -c -g -O2  conftest.c >&5
configure:5484: $? = 0
configure:5500: result: yes
configure:5457: checking for sys/stat.h
configure:5478: gcc -c -g -O2  conftest.c >&5
configure:5484: $? = 0
configure:5500: result: yes
configure:5457: checking for stdlib.h
configure:5478: gcc -c -g -O2  conftest.c >&5
configure:5484: $? = 0
configure:5500: result: yes
configure:5457: checking for string.h
configure:5478: gcc -c -g -O2  conftest.c >&5
configure:5484: $? = 0
configure:5500: result: yes
configure:5457: checking for memory.h
configure:5478: gcc -c -g -O2  conftest.c >&5
configure:5484: $? = 0
configure:5500: result: yes
configure:5457: checking for strings.h
configure:5478: gcc -c -g -O2  conftest.c >&5
configure:5484: $? = 0
configure:5500: result: yes
configure:5457: checking for inttypes.h
configure:5478: gcc -c -g -O2  conftest.c >&5
configure:5484: $? = 0
configure:5500: result: yes
configure:5457: checking for stdint.h
configure:5478: gcc -c -g -O2  conftest.c >&5
configure:5484: $? = 0
configure:5500: result: yes
configure:5457: checking for unistd.h
configure:5478: gcc -c -g -O2  conftest.c >&5
configure:5484: $? = 0
configure:5500: result: yes
configure:5527: checking dlfcn.h usability
configure:5544: gcc -c -g -O2  conftest.c >&5
configure:5550: $? = 0
configure:5564: result: yes
configure:5568: checking dlfcn.h presence
configure:5583: gcc -E  conftest.c
configure:5589: $? = 0
configure:5603: result: yes
configure:5631: checking for dlfcn.h
configure:5639: result: yes
configure:5662: checking how to run the C++ preprocessor
configure:5698: g++ -E  conftest.cpp
configure:5704: $? = 0
configure:5735: g++ -E  conftest.cpp
conftest.cpp:21:28: error: ac_nonexistent.h: No such file or directory
configure:5741: $? = 1
configure: failed program was:
| /* confdefs.h.  */
| #define PACKAGE_NAME ""
| #define PACKAGE_TARNAME ""
| #define PACKAGE_VERSION ""
| #define PACKAGE_STRING ""
| #define PACKAGE_BUGREPORT ""
| #define PACKAGE "tbnet"
| #define VERSION "0.1"
| #define STDC_HEADERS 1
| #define HAVE_SYS_TYPES_H 1
| #define HAVE_SYS_STAT_H 1
| #define HAVE_STDLIB_H 1
| #define HAVE_STRING_H 1
| #define HAVE_MEMORY_H 1
| #define HAVE_STRINGS_H 1
| #define HAVE_INTTYPES_H 1
| #define HAVE_STDINT_H 1
| #define HAVE_UNISTD_H 1
| #define HAVE_DLFCN_H 1
| /* end confdefs.h.  */
| #include <ac_nonexistent.h>
configure:5774: result: g++ -E
configure:5803: g++ -E  conftest.cpp
configure:5809: $? = 0
configure:5840: g++ -E  conftest.cpp
conftest.cpp:21:28: error: ac_nonexistent.h: No such file or directory
configure:5846: $? = 1
configure: failed program was:
| /* confdefs.h.  */
| #define PACKAGE_NAME ""
| #define PACKAGE_TARNAME ""
| #define PACKAGE_VERSION ""
| #define PACKAGE_STRING ""
| #define PACKAGE_BUGREPORT ""
| #define PACKAGE "tbnet"
| #define VERSION "0.1"
| #define STDC_HEADERS 1
| #define HAVE_SYS_TYPES_H 1
| #define HAVE_SYS_STAT_H 1
| #define HAVE_STDLIB_H 1
| #define HAVE_STRING_H 1
| #define HAVE_MEMORY_H 1
| #define HAVE_STRINGS_H 1
| #define HAVE_INTTYPES_H 1
| #define HAVE_STDINT_H 1
| #define HAVE_UNISTD_H 1
| #define HAVE_DLFCN_H 1
| /* end confdefs.h.  */
| #include <ac_nonexistent.h>
configure:5939: checking for g77
configure:5969: result: no
configure:5939: checking for xlf
configure:5969: result: no
configure:5939: checking for f77
configure:5969: result: no
configure:5939: checking for frt
configure:5969: result: no
configure:5939: checking for pgf77
configure:5969: result: no
configure:5939: checking for cf77
configure:5969: result: no
configure:5939: checking for fort77
configure:5969: result: no
configure:5939: checking for fl32
configure:5969: result: no
configure:5939: checking for af77
configure:5969: result: no
configure:5939: checking for xlf90
configure:5969: result: no
configure:5939: checking for f90
configure:5969: result: no
configure:5939: checking for pgf90
configure:5969: result: no
configure:5939: checking for pghpf
configure:5969: result: no
configure:5939: checking for epcf90
configure:5969: result: no
configure:5939: checking for gfortran
configure:5955: found /usr/bin/gfortran
configure:5966: result: gfortran
configure:5996: checking for Fortran 77 compiler version
configure:6003: gfortran --version >&5
GNU Fortran (GCC) 4.1.2 20080704 (Red Hat 4.1.2-46)
Copyright (C) 2007 Free Software Foundation, Inc.

GNU Fortran comes with NO WARRANTY, to the extent permitted by law.
You may redistribute copies of GNU Fortran
under the terms of the GNU General Public License.
For more information about these matters, see the file named COPYING

configure:6006: $? = 0
configure:6013: gfortran -v >&5
Using built-in specs.
Target: x86_64-redhat-linux
Configured with: ../configure --prefix=/usr --mandir=/usr/share/man --infodir=/usr/share/info --enable-shared --enable-threads=posix --enable-checking=release --with-system-zlib --enable-__cxa_atexit --disable-libunwind-exceptions --enable-libgcj-multifile --enable-languages=c,c++,objc,obj-c++,java,fortran,ada --enable-java-awt=gtk --disable-dssi --enable-plugin --with-java-home=/usr/lib/jvm/java-1.4.2-gcj-1.4.2.0/jre --with-cpu=generic --host=x86_64-redhat-linux
Thread model: posix
gcc version 4.1.2 20080704 (Red Hat 4.1.2-46)
configure:6016: $? = 0
configure:6023: gfortran -V >&5
gfortran: '-V' option must have argument
configure:6026: $? = 1
configure:6034: checking whether we are using the GNU Fortran 77 compiler
configure:6053: gfortran -c  conftest.F >&5
configure:6059: $? = 0
configure:6076: result: yes
configure:6082: checking whether gfortran accepts -g
configure:6099: gfortran -c -g conftest.f >&5
configure:6105: $? = 0
configure:6121: result: yes
configure:6151: checking the maximum length of command line arguments
configure:6260: result: 32768
configure:6271: checking command to parse /usr/bin/nm -B output from gcc object
configure:6376: gcc -c -g -O2  conftest.c >&5
configure:6379: $? = 0
configure:6383: /usr/bin/nm -B conftest.o \| sed -n -e 's/^.*[ 	]\([ABCDGIRSTW][ABCDGIRSTW]*\)[ 	][ 	]*\([_A-Za-z][_A-Za-z0-9]*\)$/\1 \2 \2/p' \> conftest.nm
configure:6386: $? = 0
configure:6438: gcc -o conftest -g -O2   conftest.c conftstm.o >&5
configure:6441: $? = 0
configure:6479: result: ok
configure:6483: checking for objdir
configure:6498: result: .libs
configure:6590: checking for ar
configure:6606: found /usr/bin/ar
configure:6617: result: ar
configure:6686: checking for ranlib
configure:6702: found /usr/bin/ranlib
configure:6713: result: ranlib
configure:6782: checking for strip
configure:6798: found /usr/bin/strip
configure:6809: result: strip
configure:7095: checking if gcc supports -fno-rtti -fno-exceptions
configure:7113: gcc -c -g -O2  -fno-rtti -fno-exceptions conftest.c >&5
cc1: warning: command line option "-fno-rtti" is valid for C++/ObjC++ but not for C
configure:7117: $? = 0
configure:7130: result: no
configure:7145: checking for gcc option to produce PIC
configure:7355: result: -fPIC
configure:7363: checking if gcc PIC flag -fPIC works
configure:7381: gcc -c -g -O2  -fPIC -DPIC conftest.c >&5
configure:7385: $? = 0
configure:7398: result: yes
configure:7426: checking if gcc static flag -static works
configure:7454: result: yes
configure:7464: checking if gcc supports -c -o file.o
configure:7485: gcc -c -g -O2  -o out/conftest2.o conftest.c >&5
configure:7489: $? = 0
configure:7511: result: yes
configure:7537: checking whether the gcc linker (/usr/bin/ld -m elf_x86_64) supports shared libraries
configure:8491: result: yes
configure:8512: checking whether -lc should be explicitly linked in
configure:8517: gcc -c -g -O2  conftest.c >&5
configure:8520: $? = 0
configure:8535: gcc -shared conftest.o  -v -Wl,-soname -Wl,conftest -o conftest 2\>\&1 \| grep  -lc  \>/dev/null 2\>\&1
configure:8538: $? = 0
configure:8550: result: no
configure:8558: checking dynamic linker characteristics
configure:8951: gcc -c -g -O2  conftest.c >&5
configure:8954: $? = 0
configure:9167: result: GNU/Linux ld.so
configure:9176: checking how to hardcode library paths into programs
configure:9201: result: immediate
configure:9215: checking whether stripping libraries is possible
configure:9220: result: yes
configure:10021: checking if libtool supports shared libraries
configure:10023: result: yes
configure:10026: checking whether to build shared libraries
configure:10047: result: yes
configure:10050: checking whether to build static libraries
configure:10054: result: yes
configure:10146: creating libtool
configure:10737: checking for ld used by g++
configure:10804: result: /usr/bin/ld -m elf_x86_64
configure:10813: checking if the linker (/usr/bin/ld -m elf_x86_64) is GNU ld
configure:10828: result: yes
configure:10879: checking whether the g++ linker (/usr/bin/ld -m elf_x86_64) supports shared libraries
configure:11813: result: yes
configure:11831: g++ -c -g -O2  conftest.cpp >&5
configure:11834: $? = 0
configure:11953: checking for g++ option to produce PIC
configure:12227: result: -fPIC
configure:12235: checking if g++ PIC flag -fPIC works
configure:12253: g++ -c -g -O2  -fPIC -DPIC conftest.cpp >&5
configure:12257: $? = 0
configure:12270: result: yes
configure:12298: checking if g++ static flag -static works
configure:12326: result: yes
configure:12336: checking if g++ supports -c -o file.o
configure:12357: g++ -c -g -O2  -o out/conftest2.o conftest.cpp >&5
configure:12361: $? = 0
configure:12383: result: yes
configure:12409: checking whether the g++ linker (/usr/bin/ld -m elf_x86_64) supports shared libraries
configure:12434: result: yes
configure:12501: checking dynamic linker characteristics
configure:12894: g++ -c -g -O2  conftest.cpp >&5
configure:12897: $? = 0
configure:13110: result: GNU/Linux ld.so
configure:13119: checking how to hardcode library paths into programs
configure:13144: result: immediate
configure:13673: checking if libtool supports shared libraries
configure:13675: result: yes
configure:13678: checking whether to build shared libraries
configure:13698: result: yes
configure:13701: checking whether to build static libraries
configure:13705: result: yes
configure:13715: checking for gfortran option to produce PIC
configure:13925: result: -fPIC
configure:13933: checking if gfortran PIC flag -fPIC works
configure:13951: gfortran -c -g -O2 -fPIC conftest.f >&5
configure:13955: $? = 0
configure:13968: result: yes
configure:13996: checking if gfortran static flag -static works
configure:14024: result: yes
configure:14034: checking if gfortran supports -c -o file.o
configure:14055: gfortran -c -g -O2 -o out/conftest2.o conftest.f >&5
configure:14059: $? = 0
configure:14081: result: yes
configure:14107: checking whether the gfortran linker (/usr/bin/ld -m elf_x86_64) supports shared libraries
configure:15041: result: yes
configure:15108: checking dynamic linker characteristics
configure:15501: gfortran -c -g -O2 conftest.f >&5
Warning: conftest.f:1: Illegal preprocessor directive
configure:15504: $? = 0
configure:15717: result: GNU/Linux ld.so
configure:15726: checking how to hardcode library paths into programs
configure:15751: result: immediate
configure:19354: checking for ANSI C header files
configure:19518: result: yes
configure:19551: checking arpa/inet.h usability
configure:19568: g++ -c -O3 -Wall -fPIC  conftest.cpp >&5
configure:19574: $? = 0
configure:19588: result: yes
configure:19592: checking arpa/inet.h presence
configure:19607: g++ -E  conftest.cpp
configure:19613: $? = 0
configure:19627: result: yes
configure:19655: checking for arpa/inet.h
configure:19663: result: yes
configure:19551: checking fcntl.h usability
configure:19568: g++ -c -O3 -Wall -fPIC  conftest.cpp >&5
configure:19574: $? = 0
configure:19588: result: yes
configure:19592: checking fcntl.h presence
configure:19607: g++ -E  conftest.cpp
configure:19613: $? = 0
configure:19627: result: yes
configure:19655: checking for fcntl.h
configure:19663: result: yes
configure:19551: checking netdb.h usability
configure:19568: g++ -c -O3 -Wall -fPIC  conftest.cpp >&5
configure:19574: $? = 0
configure:19588: result: yes
configure:19592: checking netdb.h presence
configure:19607: g++ -E  conftest.cpp
configure:19613: $? = 0
configure:19627: result: yes
configure:19655: checking for netdb.h
configure:19663: result: yes
configure:19551: checking netinet/in.h usability
configure:19568: g++ -c -O3 -Wall -fPIC  conftest.cpp >&5
configure:19574: $? = 0
configure:19588: result: yes
configure:19592: checking netinet/in.h presence
configure:19607: g++ -E  conftest.cpp
configure:19613: $? = 0
configure:19627: result: yes
configure:19655: checking for netinet/in.h
configure:19663: result: yes
configure:19541: checking for string.h
configure:19547: result: yes
configure:19541: checking for strings.h
configure:19547: result: yes
configure:19551: checking sys/socket.h usability
configure:19568: g++ -c -O3 -Wall -fPIC  conftest.cpp >&5
configure:19574: $? = 0
configure:19588: result: yes
configure:19592: checking sys/socket.h presence
configure:19607: g++ -E  conftest.cpp
configure:19613: $? = 0
configure:19627: result: yes
configure:19655: checking for sys/socket.h
configure:19663: result: yes
configure:19551: checking sys/time.h usability
configure:19568: g++ -c -O3 -Wall -fPIC  conftest.cpp >&5
configure:19574: $? = 0
configure:19588: result: yes
configure:19592: checking sys/time.h presence
configure:19607: g++ -E  conftest.cpp
configure:19613: $? = 0
configure:19627: result: yes
configure:19655: checking for sys/time.h
configure:19663: result: yes
configure:19541: checking for unistd.h
configure:19547: result: yes
configure:19678: checking for stdbool.h that conforms to C99
configure:19771: g++ -c -O3 -Wall -fPIC  conftest.cpp >&5
configure:19777: $? = 0
configure:19792: result: yes
configure:19794: checking for _Bool
configure:19824: g++ -c -O3 -Wall -fPIC  conftest.cpp >&5
conftest.cpp:64: error: '_Bool' does not name a type
conftest.cpp: In function 'int main()':
conftest.cpp:68: error: 'ac__type_new_' was not declared in this scope
conftest.cpp:68: error: expected primary-expression before ')' token
conftest.cpp:68: error: expected `)' before numeric constant
conftest.cpp:70: error: 'ac__type_new_' was not declared in this scope
configure:19830: $? = 1
configure: failed program was:
| /* confdefs.h.  */
| #define PACKAGE_NAME ""
| #define PACKAGE_TARNAME ""
| #define PACKAGE_VERSION ""
| #define PACKAGE_STRING ""
| #define PACKAGE_BUGREPORT ""
| #define PACKAGE "tbnet"
| #define VERSION "0.1"
| #define STDC_HEADERS 1
| #define HAVE_SYS_TYPES_H 1
| #define HAVE_SYS_STAT_H 1
| #define HAVE_STDLIB_H 1
| #define HAVE_STRING_H 1
| #define HAVE_MEMORY_H 1
| #define HAVE_STRINGS_H 1
| #define HAVE_INTTYPES_H 1
| #define HAVE_STDINT_H 1
| #define HAVE_UNISTD_H 1
| #define HAVE_DLFCN_H 1
| #define STDC_HEADERS 1
| #define HAVE_ARPA_INET_H 1
| #define HAVE_FCNTL_H 1
| #define HAVE_NETDB_H 1
| #define HAVE_NETINET_IN_H 1
| #define HAVE_STRING_H 1
| #define HAVE_STRINGS_H 1
| #define HAVE_SYS_SOCKET_H 1
| #define HAVE_SYS_TIME_H 1
| #define HAVE_UNISTD_H 1
| /* end confdefs.h.  */
| #include <stdio.h>
| #ifdef HAVE_SYS_TYPES_H
| # include <sys/types.h>
| #endif
| #ifdef HAVE_SYS_STAT_H
| # include <sys/stat.h>
| #endif
| #ifdef STDC_HEADERS
| # include <stdlib.h>
| # include <stddef.h>
| #else
| # ifdef HAVE_STDLIB_H
| #  include <stdlib.h>
| # endif
| #endif
| #ifdef HAVE_STRING_H
| # if !defined STDC_HEADERS && defined HAVE_MEMORY_H
| #  include <memory.h>
| # endif
| # include <string.h>
| #endif
| #ifdef HAVE_STRINGS_H
| # include <strings.h>
| #endif
| #ifdef HAVE_INTTYPES_H
| # include <inttypes.h>
| #endif
| #ifdef HAVE_STDINT_H
| # include <stdint.h>
| #endif
| #ifdef HAVE_UNISTD_H
| # include <unistd.h>
| #endif
| typedef _Bool ac__type_new_;
| int
| main ()
| {
| if ((ac__type_new_ *) 0)
|   return 0;
| if (sizeof (ac__type_new_))
|   return 0;
|   ;
|   return 0;
| }
configure:19845: result: no
configure:19864: checking for an ANSI C-conforming const
configure:19939: g++ -c -O3 -Wall -fPIC  conftest.cpp >&5
configure:19945: $? = 0
configure:19960: result: yes
configure:19970: checking for inline
configure:19996: g++ -c -O3 -Wall -fPIC  conftest.cpp >&5
configure:20002: $? = 0
configure:20020: result: inline
configure:20039: checking for size_t
configure:20069: g++ -c -O3 -Wall -fPIC  conftest.cpp >&5
configure:20075: $? = 0
configure:20090: result: yes
configure:20102: checking whether time.h and sys/time.h may both be included
configure:20132: g++ -c -O3 -Wall -fPIC  conftest.cpp >&5
configure:20138: $? = 0
configure:20153: result: yes
configure:20163: checking whether struct tm is in sys/time.h or time.h
configure:20193: g++ -c -O3 -Wall -fPIC  conftest.cpp >&5
configure:20199: $? = 0
configure:20214: result: time.h
configure:20224: checking for working volatile
configure:20253: g++ -c -O3 -Wall -fPIC  conftest.cpp >&5
configure:20259: $? = 0
configure:20274: result: yes
configure:20291: checking for stdlib.h
configure:20297: result: yes
configure:20426: checking for GNU libc compatible malloc
configure:20460: g++ -o conftest -O3 -Wall -fPIC   conftest.cpp  >&5
configure:20463: $? = 0
configure:20469: ./conftest
configure:20472: $? = 0
configure:20488: result: yes
configure:20516: checking for working memcmp
configure:20569: g++ -o conftest -O3 -Wall -fPIC   conftest.cpp  >&5
configure:20572: $? = 0
configure:20578: ./conftest
configure:20581: $? = 0
configure:20597: result: yes
configure:20606: checking return type of signal handlers
configure:20634: g++ -c -O3 -Wall -fPIC  conftest.cpp >&5
conftest.cpp: In function 'int main()':
conftest.cpp:41: error: void value not ignored as it ought to be
configure:20640: $? = 1
configure: failed program was:
| /* confdefs.h.  */
| #define PACKAGE_NAME ""
| #define PACKAGE_TARNAME ""
| #define PACKAGE_VERSION ""
| #define PACKAGE_STRING ""
| #define PACKAGE_BUGREPORT ""
| #define PACKAGE "tbnet"
| #define VERSION "0.1"
| #define STDC_HEADERS 1
| #define HAVE_SYS_TYPES_H 1
| #define HAVE_SYS_STAT_H 1
| #define HAVE_STDLIB_H 1
| #define HAVE_STRING_H 1
| #define HAVE_MEMORY_H 1
| #define HAVE_STRINGS_H 1
| #define HAVE_INTTYPES_H 1
| #define HAVE_STDINT_H 1
| #define HAVE_UNISTD_H 1
| #define HAVE_DLFCN_H 1
| #define STDC_HEADERS 1
| #define HAVE_ARPA_INET_H 1
| #define HAVE_FCNTL_H 1
| #define HAVE_NETDB_H 1
| #define HAVE_NETINET_IN_H 1
| #define HAVE_STRING_H 1
| #define HAVE_STRINGS_H 1
| #define HAVE_SYS_SOCKET_H 1
| #define HAVE_SYS_TIME_H 1
| #define HAVE_UNISTD_H 1
| #define HAVE_STDBOOL_H 1
| #define TIME_WITH_SYS_TIME 1
| #define HAVE_STDLIB_H 1
| #define HAVE_MALLOC 1
| /* end confdefs.h.  */
| #include <sys/types.h>
| #include <signal.h>
| 
| int
| main ()
| {
| return *(signal (0, 0)) (0) == 1;
|   ;
|   return 0;
| }
configure:20655: result: void
configure:20667: checking for vprintf
configure:20723: g++ -o conftest -O3 -Wall -fPIC   conftest.cpp  >&5
configure:20729: $? = 0
configure:20747: result: yes
configure:20754: checking for _doprnt
configure:20810: g++ -o conftest -O3 -Wall -fPIC   conftest.cpp  >&5
/tmp/ccIr6vRf.o: In function `main':
conftest.cpp:(.text+0x5): undefined reference to `_doprnt'
collect2: ld returned 1 exit status
configure:20816: $? = 1
configure: failed program was:
| /* confdefs.h.  */
| #define PACKAGE_NAME ""
| #define PACKAGE_TARNAME ""
| #define PACKAGE_VERSION ""
| #define PACKAGE_STRING ""
| #define PACKAGE_BUGREPORT ""
| #define PACKAGE "tbnet"
| #define VERSION "0.1"
| #define STDC_HEADERS 1
| #define HAVE_SYS_TYPES_H 1
| #define HAVE_SYS_STAT_H 1
| #define HAVE_STDLIB_H 1
| #define HAVE_STRING_H 1
| #define HAVE_MEMORY_H 1
| #define HAVE_STRINGS_H 1
| #define HAVE_INTTYPES_H 1
| #define HAVE_STDINT_H 1
| #define HAVE_UNISTD_H 1
| #define HAVE_DLFCN_H 1
| #define STDC_HEADERS 1
| #define HAVE_ARPA_INET_H 1
| #define HAVE_FCNTL_H 1
| #define HAVE_NETDB_H 1
| #define HAVE_NETINET_IN_H 1
| #define HAVE_STRING_H 1
| #define HAVE_STRINGS_H 1
| #define HAVE_SYS_SOCKET_H 1
| #define HAVE_SYS_TIME_H 1
| #define HAVE_UNISTD_H 1
| #define HAVE_STDBOOL_H 1
| #define TIME_WITH_SYS_TIME 1
| #define HAVE_STDLIB_H 1
| #define HAVE_MALLOC 1
| #define RETSIGTYPE void
| #define HAVE_VPRINTF 1
| /* end confdefs.h.  */
| /* Define _doprnt to an innocuous variant, in case <limits.h> declares _doprnt.
|    For example, HP-UX 11i <limits.h> declares gettimeofday.  */
| #define _doprnt innocuous__doprnt
| 
| /* System header to define __stub macros and hopefully few prototypes,
|     which can conflict with char _doprnt (); below.
|     Prefer <limits.h> to <assert.h> if __STDC__ is defined, since
|     <limits.h> exists even on freestanding compilers.  */
| 
| #ifdef __STDC__
| # include <limits.h>
| #else
| # include <assert.h>
| #endif
| 
| #undef _doprnt
| 
| /* Override any GCC internal prototype to avoid an error.
|    Use char because int might match the return type of a GCC
|    builtin and then its argument prototype would still apply.  */
| #ifdef __cplusplus
| extern "C"
| #endif
| char _doprnt ();
| /* The GNU C library defines this for functions which it implements
|     to always fail with ENOSYS.  Some functions are actually named
|     something starting with __ and the normal name is an alias.  */
| #if defined __stub__doprnt || defined __stub____doprnt
| choke me
| #endif
| 
| int
| main ()
| {
| return _doprnt ();
|   ;
|   return 0;
| }
configure:20833: result: no
configure:20858: checking for dup2
configure:20914: g++ -o conftest -O3 -Wall -fPIC   conftest.cpp  >&5
configure:20920: $? = 0
configure:20938: result: yes
configure:20858: checking for gethostbyname
configure:20914: g++ -o conftest -O3 -Wall -fPIC   conftest.cpp  >&5
configure:20920: $? = 0
configure:20938: result: yes
configure:20858: checking for gettimeofday
configure:20914: g++ -o conftest -O3 -Wall -fPIC   conftest.cpp  >&5
configure:20920: $? = 0
configure:20938: result: yes
configure:20858: checking for memmove
configure:20914: g++ -o conftest -O3 -Wall -fPIC   conftest.cpp  >&5
configure:20920: $? = 0
configure:20938: result: yes
configure:20858: checking for memset
configure:20914: g++ -o conftest -O3 -Wall -fPIC   conftest.cpp  >&5
configure:20920: $? = 0
configure:20938: result: yes
configure:20858: checking for socket
configure:20914: g++ -o conftest -O3 -Wall -fPIC   conftest.cpp  >&5
configure:20920: $? = 0
configure:20938: result: yes
configure:20858: checking for strcasecmp
configure:20914: g++ -o conftest -O3 -Wall -fPIC   conftest.cpp  >&5
configure:20920: $? = 0
configure:20938: result: yes
configure:20858: checking for strdup
configure:20914: g++ -o conftest -O3 -Wall -fPIC   conftest.cpp  >&5
configure:20920: $? = 0
configure:20938: result: yes
configure:21102: creating ./config.status

## ---------------------- ##
## Running config.status. ##
## ---------------------- ##

This file was extended by config.status, which was
generated by GNU Autoconf 2.61.  Invocation command line was

  CONFIG_FILES    = 
  CONFIG_HEADERS  = 
  CONFIG_LINKS    = 
  CONFIG_COMMANDS = 
  $ ./config.status 

on dev2.white.corp.qihoo.net

config.status:646: creating Makefile
config.status:646: creating src/Makefile
config.status:646: creating src/test/Makefile
config.status:646: creating test/Makefile
config.status:831: executing depfiles commands

## ---------------- ##
## Cache variables. ##
## ---------------- ##

ac_cv_build=x86_64-unknown-linux-gnu
ac_cv_c_compiler_gnu=yes
ac_cv_c_const=yes
ac_cv_c_inline=inline
ac_cv_c_volatile=yes
ac_cv_cxx_compiler_gnu=yes
ac_cv_env_CCC_set=
ac_cv_env_CCC_value=
ac_cv_env_CC_set=
ac_cv_env_CC_value=
ac_cv_env_CFLAGS_set=
ac_cv_env_CFLAGS_value=
ac_cv_env_CPPFLAGS_set=
ac_cv_env_CPPFLAGS_value=
ac_cv_env_CPP_set=
ac_cv_env_CPP_value=
ac_cv_env_CXXCPP_set=
ac_cv_env_CXXCPP_value=
ac_cv_env_CXXFLAGS_set=
ac_cv_env_CXXFLAGS_value=
ac_cv_env_CXX_set=
ac_cv_env_CXX_value=
ac_cv_env_F77_set=
ac_cv_env_F77_value=
ac_cv_env_FFLAGS_set=
ac_cv_env_FFLAGS_value=
ac_cv_env_LDFLAGS_set=
ac_cv_env_LDFLAGS_value=
ac_cv_env_LIBS_set=
ac_cv_env_LIBS_value=
ac_cv_env_build_alias_set=
ac_cv_env_build_alias_value=
ac_cv_env_host_alias_set=
ac_cv_env_host_alias_value=
ac_cv_env_target_alias_set=
ac_cv_env_target_alias_value=
ac_cv_f77_compiler_gnu=yes
ac_cv_func__doprnt=no
ac_cv_func_dup2=yes
ac_cv_func_gethostbyname=yes
ac_cv_func_gettimeofday=yes
ac_cv_func_malloc_0_nonnull=yes
ac_cv_func_memcmp_working=yes
ac_cv_func_memmove=yes
ac_cv_func_memset=yes
ac_cv_func_socket=yes
ac_cv_func_strcasecmp=yes
ac_cv_func_strdup=yes
ac_cv_func_vprintf=yes
ac_cv_header_arpa_inet_h=yes
ac_cv_header_dlfcn_h=yes
ac_cv_header_fcntl_h=yes
ac_cv_header_inttypes_h=yes
ac_cv_header_memory_h=yes
ac_cv_header_netdb_h=yes
ac_cv_header_netinet_in_h=yes
ac_cv_header_stdbool_h=yes
ac_cv_header_stdc=yes
ac_cv_header_stdint_h=yes
ac_cv_header_stdlib_h=yes
ac_cv_header_string_h=yes
ac_cv_header_strings_h=yes
ac_cv_header_sys_socket_h=yes
ac_cv_header_sys_stat_h=yes
ac_cv_header_sys_time_h=yes
ac_cv_header_sys_types_h=yes
ac_cv_header_time=yes
ac_cv_header_unistd_h=yes
ac_cv_host=x86_64-unknown-linux-gnu
ac_cv_objext=o
ac_cv_path_EGREP='/bin/grep -E'
ac_cv_path_GREP=/bin/grep
ac_cv_path_install='/usr/bin/install -c'
ac_cv_prog_AWK=gawk
ac_cv_prog_CPP='gcc -E'
ac_cv_prog_CXXCPP='g++ -E'
ac_cv_prog_ac_ct_AR=ar
ac_cv_prog_ac_ct_CC=gcc
ac_cv_prog_ac_ct_CXX=g++
ac_cv_prog_ac_ct_F77=gfortran
ac_cv_prog_ac_ct_RANLIB=ranlib
ac_cv_prog_ac_ct_STRIP=strip
ac_cv_prog_cc_c89=
ac_cv_prog_cc_g=yes
ac_cv_prog_cxx_g=yes
ac_cv_prog_f77_g=yes
ac_cv_prog_make_make_set=yes
ac_cv_struct_tm=time.h
ac_cv_type__Bool=no
ac_cv_type_signal=void
ac_cv_type_size_t=yes
am_cv_CC_dependencies_compiler_type=gcc3
am_cv_CXX_dependencies_compiler_type=gcc3
lt_cv_deplibs_check_method=pass_all
lt_cv_file_magic_cmd='$MAGIC_CMD'
lt_cv_file_magic_test_file=
lt_cv_ld_reload_flag=-r
lt_cv_objdir=.libs
lt_cv_path_LD=/usr/bin/ld
lt_cv_path_LDCXX='/usr/bin/ld -m elf_x86_64'
lt_cv_path_NM='/usr/bin/nm -B'
lt_cv_path_SED=/bin/sed
lt_cv_prog_compiler_c_o=yes
lt_cv_prog_compiler_c_o_CXX=yes
lt_cv_prog_compiler_c_o_F77=yes
lt_cv_prog_compiler_rtti_exceptions=no
lt_cv_prog_gnu_ld=yes
lt_cv_prog_gnu_ldcxx=yes
lt_cv_sys_global_symbol_pipe='sed -n -e '\''s/^.*[ 	]\([ABCDGIRSTW][ABCDGIRSTW]*\)[ 	][ 	]*\([_A-Za-z][_A-Za-z0-9]*\)$/\1 \2 \2/p'\'''
lt_cv_sys_global_symbol_to_c_name_address='sed -n -e '\''s/^: \([^ ]*\) $/  {\"\1\", (lt_ptr) 0},/p'\'' -e '\''s/^[BCDEGRST] \([^ ]*\) \([^ ]*\)$/  {"\2", (lt_ptr) \&\2},/p'\'''
lt_cv_sys_global_symbol_to_cdecl='sed -n -e '\''s/^. .* \(.*\)$/extern int \1;/p'\'''
lt_cv_sys_max_cmd_len=32768
lt_lt_cv_prog_compiler_c_o='"yes"'
lt_lt_cv_prog_compiler_c_o_CXX='"yes"'
lt_lt_cv_prog_compiler_c_o_F77='"yes"'
lt_lt_cv_sys_global_symbol_pipe='"sed -n -e '\''s/^.*[ 	]\\([ABCDGIRSTW][ABCDGIRSTW]*\\)[ 	][ 	]*\\([_A-Za-z][_A-Za-z0-9]*\\)\$/\\1 \\2 \\2/p'\''"'
lt_lt_cv_sys_global_symbol_to_c_name_address='"sed -n -e '\''s/^: \\([^ ]*\\) \$/  {\\\"\\1\\\", (lt_ptr) 0},/p'\'' -e '\''s/^[BCDEGRST] \\([^ ]*\\) \\([^ ]*\\)\$/  {\"\\2\", (lt_ptr) \\&\\2},/p'\''"'
lt_lt_cv_sys_global_symbol_to_cdecl='"sed -n -e '\''s/^. .* \\(.*\\)\$/extern int \\1;/p'\''"'

## ----------------- ##
## Output variables. ##
## ----------------- ##

ACLOCAL='${SHELL} /home/yinchunxiang/WorkGit/agile/src/third_party/tair/tb-common-utils/tbnet/missing --run aclocal-1.9'
AMDEPBACKSLASH='\'
AMDEP_FALSE='#'
AMDEP_TRUE=''
AMTAR='${SHELL} /home/yinchunxiang/WorkGit/agile/src/third_party/tair/tb-common-utils/tbnet/missing --run tar'
AR='ar'
AUTOCONF='${SHELL} /home/yinchunxiang/WorkGit/agile/src/third_party/tair/tb-common-utils/tbnet/missing --run autoconf'
AUTOHEADER='${SHELL} /home/yinchunxiang/WorkGit/agile/src/third_party/tair/tb-common-utils/tbnet/missing --run autoheader'
AUTOMAKE='${SHELL} /home/yinchunxiang/WorkGit/agile/src/third_party/tair/tb-common-utils/tbnet/missing --run automake-1.9'
AWK='gawk'
CC='gcc'
CCDEPMODE='depmode=gcc3'
CFLAGS='-g -O2'
CPP='gcc -E'
CPPFLAGS=''
CXX='g++'
CXXCPP='g++ -E'
CXXDEPMODE='depmode=gcc3'
CXXFLAGS='-O3 -Wall -fPIC'
CYGPATH_W='echo'
DEFS='-DPACKAGE_NAME=\"\" -DPACKAGE_TARNAME=\"\" -DPACKAGE_VERSION=\"\" -DPACKAGE_STRING=\"\" -DPACKAGE_BUGREPORT=\"\" -DPACKAGE=\"tbnet\" -DVERSION=\"0.1\" -DSTDC_HEADERS=1 -DHAVE_SYS_TYPES_H=1 -DHAVE_SYS_STAT_H=1 -DHAVE_STDLIB_H=1 -DHAVE_STRING_H=1 -DHAVE_MEMORY_H=1 -DHAVE_STRINGS_H=1 -DHAVE_INTTYPES_H=1 -DHAVE_STDINT_H=1 -DHAVE_UNISTD_H=1 -DHAVE_DLFCN_H=1 -DSTDC_HEADERS=1 -DHAVE_ARPA_INET_H=1 -DHAVE_FCNTL_H=1 -DHAVE_NETDB_H=1 -DHAVE_NETINET_IN_H=1 -DHAVE_STRING_H=1 -DHAVE_STRINGS_H=1 -DHAVE_SYS_SOCKET_H=1 -DHAVE_SYS_TIME_H=1 -DHAVE_UNISTD_H=1 -DHAVE_STDBOOL_H=1 -DTIME_WITH_SYS_TIME=1 -DHAVE_STDLIB_H=1 -DHAVE_MALLOC=1 -DRETSIGTYPE=void -DHAVE_VPRINTF=1 -DHAVE_DUP2=1 -DHAVE_GETHOSTBYNAME=1 -DHAVE_GETTIMEOFDAY=1 -DHAVE_MEMMOVE=1 -DHAVE_MEMSET=1 -DHAVE_SOCKET=1 -DHAVE_STRCASECMP=1 -DHAVE_STRDUP=1'
DEPDIR='.deps'
ECHO='echo'
ECHO_C=''
ECHO_N='-n'
ECHO_T=''
EGREP='/bin/grep -E'
EXEEXT=''
F77='gfortran'
FFLAGS='-g -O2'
GREP='/bin/grep'
INSTALL_DATA='${INSTALL} -m 644'
INSTALL_PROGRAM='${INSTALL}'
INSTALL_SCRIPT='${INSTALL}'
INSTALL_STRIP_PROGRAM='${SHELL} $(install_sh) -c -s'
LDFLAGS=''
LIBOBJS=''
LIBS=''
LIBTOOL='$(SHELL) $(top_builddir)/libtool'
LN_S='ln -s'
LTLIBOBJS=''
MAKEINFO='${SHELL} /home/yinchunxiang/WorkGit/agile/src/third_party/tair/tb-common-utils/tbnet/missing --run makeinfo'
OBJEXT='o'
PACKAGE='tbnet'
PACKAGE_BUGREPORT=''
PACKAGE_NAME=''
PACKAGE_STRING=''
PACKAGE_TARNAME=''
PACKAGE_VERSION=''
PATH_SEPARATOR=':'
RANLIB='ranlib'
SED='/bin/sed'
SET_MAKE=''
SHELL='/bin/sh'
STRIP='strip'
VERSION='0.1'
ac_ct_CC='gcc'
ac_ct_CXX='g++'
ac_ct_F77='gfortran'
am__fastdepCC_FALSE='#'
am__fastdepCC_TRUE=''
am__fastdepCXX_FALSE='#'
am__fastdepCXX_TRUE=''
am__include='include'
am__leading_dot='.'
am__quote=''
am__tar='${AMTAR} chof - "$$tardir"'
am__untar='${AMTAR} xf -'
bindir='${exec_prefix}/bin'
build='x86_64-unknown-linux-gnu'
build_alias=''
build_cpu='x86_64'
build_os='linux-gnu'
build_vendor='unknown'
datadir='${datarootdir}'
datarootdir='${prefix}/share'
docdir='${datarootdir}/doc/${PACKAGE}'
dvidir='${docdir}'
exec_prefix='${prefix}'
host='x86_64-unknown-linux-gnu'
host_alias=''
host_cpu='x86_64'
host_os='linux-gnu'
host_vendor='unknown'
htmldir='${docdir}'
includedir='/home/yinchunxiang/WorkGit/agile/src/third_party/tair/tb-common-utils/include/tbnet'
infodir='${datarootdir}/info'
install_sh='/home/yinchunxiang/WorkGit/agile/src/third_party/tair/tb-common-utils/tbnet/install-sh'
libdir='${exec_prefix}/lib'
libexecdir='${exec_prefix}/libexec'
localedir='${datarootdir}/locale'
localstatedir='${prefix}/var'
mandir='${datarootdir}/man'
mkdir_p='mkdir -p --'
oldincludedir='/usr/include'
pdfdir='${docdir}'
prefix='/home/yinchunxiang/WorkGit/agile/src/third_party/tair/tb-common-utils'
program_transform_name='s,x,x,'
psdir='${docdir}'
sbindir='${exec_prefix}/sbin'
sharedstatedir='${prefix}/com'
sysconfdir='${prefix}/etc'
target_alias=''

## ----------- ##
## confdefs.h. ##
## ----------- ##

#define PACKAGE_NAME ""
#define PACKAGE_TARNAME ""
#define PACKAGE_VERSION ""
#define PACKAGE_STRING ""
#define PACKAGE_BUGREPORT ""
#define PACKAGE "tbnet"
#define VERSION "0.1"
#define STDC_HEADERS 1
#define HAVE_SYS_TYPES_H 1
#define HAVE_SYS_STAT_H 1
#define HAVE_STDLIB_H 1
#define HAVE_STRING_H 1
#define HAVE_MEMORY_H 1
#define HAVE_STRINGS_H 1
#define HAVE_INTTYPES_H 1
#define HAVE_STDINT_H 1
#define HAVE_UNISTD_H 1
#define HAVE_DLFCN_H 1
#define STDC_HEADERS 1
#define HAVE_ARPA_INET_H 1
#define HAVE_FCNTL_H 1
#define HAVE_NETDB_H 1
#define HAVE_NETINET_IN_H 1
#define HAVE_STRING_H 1
#define HAVE_STRINGS_H 1
#define HAVE_SYS_SOCKET_H 1
#define HAVE_SYS_TIME_H 1
#define HAVE_UNISTD_H 1
#define HAVE_STDBOOL_H 1
#define TIME_WITH_SYS_TIME 1
#define HAVE_STDLIB_H 1
#define HAVE_MALLOC 1
#define RETSIGTYPE void
#define HAVE_VPRINTF 1
#define HAVE_DUP2 1
#define HAVE_GETHOSTBYNAME 1
#define HAVE_GETTIMEOFDAY 1
#define HAVE_MEMMOVE 1
#define HAVE_MEMSET 1
#define HAVE_SOCKET 1
#define HAVE_STRCASECMP 1
#define HAVE_STRDUP 1

configure: exit 0
